<?xml version="1.0" encoding="UTF-8"?>
<testsuite name="org.hyperskill.secretdiary.Stage4UnitTest" tests="9" skipped="0" failures="0" errors="0" timestamp="2024-07-01T16:56:59" hostname="SILVER" time="76.407">
  <properties/>
  <testcase name="test00_checkEditText" classname="org.hyperskill.secretdiary.Stage4UnitTest" time="42.642"/>
  <testcase name="test01_checkButtonSave" classname="org.hyperskill.secretdiary.Stage4UnitTest" time="0.724"/>
  <testcase name="test02_checkTextView" classname="org.hyperskill.secretdiary.Stage4UnitTest" time="0.463"/>
  <testcase name="test03_checkButtonUndo" classname="org.hyperskill.secretdiary.Stage4UnitTest" time="0.762"/>
  <testcase name="test04_checkSavingAndUndo" classname="org.hyperskill.secretdiary.Stage4UnitTest" time="14.005"/>
  <testcase name="test05_checkSavingBlank" classname="org.hyperskill.secretdiary.Stage4UnitTest" time="0.96"/>
  <testcase name="test06_checkUndoBlank" classname="org.hyperskill.secretdiary.Stage4UnitTest" time="3.896"/>
  <testcase name="test07_checkSavePersists" classname="org.hyperskill.secretdiary.Stage4UnitTest" time="11.97"/>
  <testcase name="test08_checkRestoreAndButtons" classname="org.hyperskill.secretdiary.Stage4UnitTest" time="0.929"/>
  <system-out><![CDATA[Called loadFromPath(/system/framework/framework-res.apk, true); mode=binary sdk=29
resources.arsc in APK 'C:\Users\Violin\.m2\repository\org\robolectric\android-all-instrumented\10-robolectric-5803371-i3\android-all-instrumented-10-robolectric-5803371-i3.jar' is compressed.
]]></system-out>
  <system-err><![CDATA[]]></system-err>
</testsuite>
