<?xml version="1.0" encoding="UTF-8"?>
<testsuite name="org.hyperskill.secretdiary.Stage5UnitTest" tests="8" skipped="0" failures="0" errors="0" timestamp="2024-07-01T16:58:16" hostname="SILVER" time="7.76">
  <properties/>
  <testcase name="test00_checkEditTextPin" classname="org.hyperskill.secretdiary.Stage5UnitTest" time="1.163"/>
  <testcase name="test01_checkButtonLogin" classname="org.hyperskill.secretdiary.Stage5UnitTest" time="0.837"/>
  <testcase name="test02_checkLauncher" classname="org.hyperskill.secretdiary.Stage5UnitTest" time="0.709"/>
  <testcase name="test03_checkNavigation" classname="org.hyperskill.secretdiary.Stage5UnitTest" time="1.385"/>
  <testcase name="test04_checkLoginActivityFinished" classname="org.hyperskill.secretdiary.Stage5UnitTest" time="0.879"/>
  <testcase name="test05_checkWrongPinErrorMessage" classname="org.hyperskill.secretdiary.Stage5UnitTest" time="1.687"/>
  <testcase name="test06_checkWrongPinActivityBehavior" classname="org.hyperskill.secretdiary.Stage5UnitTest" time="0.75"/>
  <testcase name="testShouldCheckTextViewTitle" classname="org.hyperskill.secretdiary.Stage5UnitTest" time="0.346"/>
  <system-out><![CDATA[]]></system-out>
  <system-err><![CDATA[]]></system-err>
</testsuite>
