<?xml version="1.0" encoding="UTF-8"?>
<testsuite name="org.hyperskill.secretdiary.Stage5UnitTest" tests="8" skipped="0" failures="0" errors="0" timestamp="2024-07-01T16:55:21" hostname="SILVER" time="14.234">
  <properties/>
  <testcase name="test00_checkEditTextPin" classname="org.hyperskill.secretdiary.Stage5UnitTest" time="1.193"/>
  <testcase name="test01_checkButtonLogin" classname="org.hyperskill.secretdiary.Stage5UnitTest" time="5.178"/>
  <testcase name="test02_checkLauncher" classname="org.hyperskill.secretdiary.Stage5UnitTest" time="2.462"/>
  <testcase name="test03_checkNavigation" classname="org.hyperskill.secretdiary.Stage5UnitTest" time="2.12"/>
  <testcase name="test04_checkLoginActivityFinished" classname="org.hyperskill.secretdiary.Stage5UnitTest" time="0.253"/>
  <testcase name="test05_checkWrongPinErrorMessage" classname="org.hyperskill.secretdiary.Stage5UnitTest" time="1.265"/>
  <testcase name="test06_checkWrongPinActivityBehavior" classname="org.hyperskill.secretdiary.Stage5UnitTest" time="1.282"/>
  <testcase name="testShouldCheckTextViewTitle" classname="org.hyperskill.secretdiary.Stage5UnitTest" time="0.469"/>
  <system-out><![CDATA[]]></system-out>
  <system-err><![CDATA[]]></system-err>
</testsuite>
