<?xml version="1.0" encoding="UTF-8"?>
<testsuite name="org.hyperskill.secretdiary.Stage4UnitTest" tests="9" skipped="0" failures="0" errors="0" timestamp="2024-07-01T16:54:07" hostname="SILVER" time="73.441">
  <properties/>
  <testcase name="test00_checkEditText" classname="org.hyperskill.secretdiary.Stage4UnitTest" time="38.337"/>
  <testcase name="test01_checkButtonSave" classname="org.hyperskill.secretdiary.Stage4UnitTest" time="1.33"/>
  <testcase name="test02_checkTextView" classname="org.hyperskill.secretdiary.Stage4UnitTest" time="0.978"/>
  <testcase name="test03_checkButtonUndo" classname="org.hyperskill.secretdiary.Stage4UnitTest" time="1.359"/>
  <testcase name="test04_checkSavingAndUndo" classname="org.hyperskill.secretdiary.Stage4UnitTest" time="10.285"/>
  <testcase name="test05_checkSavingBlank" classname="org.hyperskill.secretdiary.Stage4UnitTest" time="0.677"/>
  <testcase name="test06_checkUndoBlank" classname="org.hyperskill.secretdiary.Stage4UnitTest" time="1.531"/>
  <testcase name="test07_checkSavePersists" classname="org.hyperskill.secretdiary.Stage4UnitTest" time="13.247"/>
  <testcase name="test08_checkRestoreAndButtons" classname="org.hyperskill.secretdiary.Stage4UnitTest" time="5.677"/>
  <system-out><![CDATA[Called loadFromPath(/system/framework/framework-res.apk, true); mode=binary sdk=29
resources.arsc in APK 'C:\Users\Violin\.m2\repository\org\robolectric\android-all-instrumented\10-robolectric-5803371-i3\android-all-instrumented-10-robolectric-5803371-i3.jar' is compressed.
]]></system-out>
  <system-err><![CDATA[]]></system-err>
</testsuite>
